{"/Users/alexey/Desktop/EPAM/1.1_Mentoring/React/mentoring_4/src/components/App.constants.ts": {"path":"/Users/alexey/Desktop/EPAM/1.1_Mentoring/React/mentoring_4/src/components/App.constants.ts","statementMap":{},"fnMap":{},"branchMap":{},"s":{},"f":{},"b":{},"_coverageSchema":"1a1c01bbd47fc00a2c39e90264f33305004495a9","hash":"b214a1d5e3fcf154bf86524f028ce232c2b9556a"}
,"/Users/alexey/Desktop/EPAM/1.1_Mentoring/React/mentoring_4/src/components/common/index.ts": {"path":"/Users/alexey/Desktop/EPAM/1.1_Mentoring/React/mentoring_4/src/components/common/index.ts","statementMap":{},"fnMap":{},"branchMap":{},"s":{},"f":{},"b":{},"_coverageSchema":"1a1c01bbd47fc00a2c39e90264f33305004495a9","hash":"a4c4cad4a957390896c26112da7e0652234da026"}
,"/Users/alexey/Desktop/EPAM/1.1_Mentoring/React/mentoring_4/src/components/common/button/Button.tsx": {"path":"/Users/alexey/Desktop/EPAM/1.1_Mentoring/React/mentoring_4/src/components/common/button/Button.tsx","statementMap":{"0":{"start":{"line":12,"column":15},"end":{"line":24,"column":1}},"1":{"start":{"line":18,"column":20},"end":{"line":18,"column":61}},"2":{"start":{"line":19,"column":2},"end":{"line":23,"column":3}}},"fnMap":{"0":{"name":"(anonymous_0)","decl":{"start":{"line":12,"column":15},"end":{"line":12,"column":16}},"loc":{"start":{"line":17,"column":29},"end":{"line":24,"column":1}},"line":17}},"branchMap":{"0":{"loc":{"start":{"line":13,"column":2},"end":{"line":13,"column":28}},"type":"default-arg","locations":[{"start":{"line":13,"column":9},"end":{"line":13,"column":28}}],"line":13},"1":{"loc":{"start":{"line":16,"column":2},"end":{"line":16,"column":31}},"type":"default-arg","locations":[{"start":{"line":16,"column":10},"end":{"line":16,"column":31}}],"line":16}},"s":{"0":4,"1":16,"2":16},"f":{"0":16},"b":{"0":[12],"1":[0]},"_coverageSchema":"1a1c01bbd47fc00a2c39e90264f33305004495a9","hash":"1d1f8827466e90c27c6776433ee7bf1eb476ad3e"}
,"/Users/alexey/Desktop/EPAM/1.1_Mentoring/React/mentoring_4/src/components/common/button/buttonTypes.tsx": {"path":"/Users/alexey/Desktop/EPAM/1.1_Mentoring/React/mentoring_4/src/components/common/button/buttonTypes.tsx","statementMap":{},"fnMap":{},"branchMap":{},"s":{},"f":{},"b":{},"_coverageSchema":"1a1c01bbd47fc00a2c39e90264f33305004495a9","hash":"a105f1da63612f8fa50ab4f4d0e3817dd7bff01b"}
,"/Users/alexey/Desktop/EPAM/1.1_Mentoring/React/mentoring_4/src/components/common/button/index.ts": {"path":"/Users/alexey/Desktop/EPAM/1.1_Mentoring/React/mentoring_4/src/components/common/button/index.ts","statementMap":{},"fnMap":{},"branchMap":{},"s":{},"f":{},"b":{},"_coverageSchema":"1a1c01bbd47fc00a2c39e90264f33305004495a9","hash":"36d758a599de47a54b8d9223542ed86fee81eab3"}
,"/Users/alexey/Desktop/EPAM/1.1_Mentoring/React/mentoring_4/src/components/common/context-menu/ContextMenu.tsx": {"path":"/Users/alexey/Desktop/EPAM/1.1_Mentoring/React/mentoring_4/src/components/common/context-menu/ContextMenu.tsx","statementMap":{"0":{"start":{"line":15,"column":27},"end":{"line":37,"column":1}},"1":{"start":{"line":16,"column":2},"end":{"line":36,"column":3}},"2":{"start":{"line":25,"column":12},"end":{"line":31,"column":17}},"3":{"start":{"line":26,"column":29},"end":{"line":26,"column":45}}},"fnMap":{"0":{"name":"(anonymous_0)","decl":{"start":{"line":15,"column":27},"end":{"line":15,"column":28}},"loc":{"start":{"line":15,"column":77},"end":{"line":37,"column":1}},"line":15},"1":{"name":"(anonymous_1)","decl":{"start":{"line":24,"column":20},"end":{"line":24,"column":21}},"loc":{"start":{"line":25,"column":12},"end":{"line":31,"column":17}},"line":25},"2":{"name":"(anonymous_2)","decl":{"start":{"line":26,"column":23},"end":{"line":26,"column":24}},"loc":{"start":{"line":26,"column":29},"end":{"line":26,"column":45}},"line":26}},"branchMap":{"0":{"loc":{"start":{"line":17,"column":4},"end":{"line":35,"column":5}},"type":"binary-expr","locations":[{"start":{"line":17,"column":4},"end":{"line":17,"column":10}},{"start":{"line":18,"column":6},"end":{"line":34,"column":12}}],"line":17}},"s":{"0":1,"1":3,"2":2,"3":1},"f":{"0":3,"1":2,"2":1},"b":{"0":[3,2]},"_coverageSchema":"1a1c01bbd47fc00a2c39e90264f33305004495a9","hash":"39d9e03ec0aecc7c1d3f78c4efc631b5dc9ab667"}
,"/Users/alexey/Desktop/EPAM/1.1_Mentoring/React/mentoring_4/src/components/common/input/Input.tsx": {"path":"/Users/alexey/Desktop/EPAM/1.1_Mentoring/React/mentoring_4/src/components/common/input/Input.tsx","statementMap":{"0":{"start":{"line":9,"column":14},"end":{"line":36,"column":1}},"1":{"start":{"line":10,"column":24},"end":{"line":10,"column":38}},"2":{"start":{"line":12,"column":2},"end":{"line":35,"column":3}}},"fnMap":{"0":{"name":"(anonymous_0)","decl":{"start":{"line":9,"column":14},"end":{"line":9,"column":15}},"loc":{"start":{"line":9,"column":49},"end":{"line":36,"column":1}},"line":9}},"branchMap":{"0":{"loc":{"start":{"line":18,"column":7},"end":{"line":32,"column":7}},"type":"cond-expr","locations":[{"start":{"line":19,"column":8},"end":{"line":25,"column":17}},{"start":{"line":27,"column":8},"end":{"line":31,"column":20}}],"line":18}},"s":{"0":2,"1":12,"2":12},"f":{"0":12},"b":{"0":[10,2]},"_coverageSchema":"1a1c01bbd47fc00a2c39e90264f33305004495a9","hash":"62ab91a2334ee19dbf2c621bb1e184e8083e2a25"}
,"/Users/alexey/Desktop/EPAM/1.1_Mentoring/React/mentoring_4/src/components/common/input/index.ts": {"path":"/Users/alexey/Desktop/EPAM/1.1_Mentoring/React/mentoring_4/src/components/common/input/index.ts","statementMap":{},"fnMap":{},"branchMap":{},"s":{},"f":{},"b":{},"_coverageSchema":"1a1c01bbd47fc00a2c39e90264f33305004495a9","hash":"70b3f5f939d95aad93f0f45d01ffc828c052a8f7"}
,"/Users/alexey/Desktop/EPAM/1.1_Mentoring/React/mentoring_4/src/components/common/logo/Logo.tsx": {"path":"/Users/alexey/Desktop/EPAM/1.1_Mentoring/React/mentoring_4/src/components/common/logo/Logo.tsx","statementMap":{"0":{"start":{"line":4,"column":13},"end":{"line":10,"column":1}},"1":{"start":{"line":5,"column":1},"end":{"line":9,"column":3}}},"fnMap":{"0":{"name":"(anonymous_0)","decl":{"start":{"line":4,"column":13},"end":{"line":4,"column":14}},"loc":{"start":{"line":4,"column":33},"end":{"line":10,"column":1}},"line":4}},"branchMap":{},"s":{"0":1,"1":0},"f":{"0":0},"b":{},"_coverageSchema":"1a1c01bbd47fc00a2c39e90264f33305004495a9","hash":"958f25f92cc692519eeff79e169a214ae5233a5e"}
,"/Users/alexey/Desktop/EPAM/1.1_Mentoring/React/mentoring_4/src/components/common/logo/index.ts": {"path":"/Users/alexey/Desktop/EPAM/1.1_Mentoring/React/mentoring_4/src/components/common/logo/index.ts","statementMap":{},"fnMap":{},"branchMap":{},"s":{},"f":{},"b":{},"_coverageSchema":"1a1c01bbd47fc00a2c39e90264f33305004495a9","hash":"fe493622e49f4deef0aa3c716b784caab636e32e"}
,"/Users/alexey/Desktop/EPAM/1.1_Mentoring/React/mentoring_4/src/components/common/modal/Modal.tsx": {"path":"/Users/alexey/Desktop/EPAM/1.1_Mentoring/React/mentoring_4/src/components/common/modal/Modal.tsx","statementMap":{"0":{"start":{"line":30,"column":14},"end":{"line":104,"column":1}},"1":{"start":{"line":31,"column":22},"end":{"line":31,"column":54}},"2":{"start":{"line":32,"column":23},"end":{"line":32,"column":38}},"3":{"start":{"line":33,"column":17},"end":{"line":33,"column":36}},"4":{"start":{"line":35,"column":21},"end":{"line":41,"column":3}},"5":{"start":{"line":39,"column":4},"end":{"line":39,"column":20}},"6":{"start":{"line":40,"column":4},"end":{"line":40,"column":15}},"7":{"start":{"line":43,"column":2},"end":{"line":45,"column":12}},"8":{"start":{"line":44,"column":4},"end":{"line":44,"column":33}},"9":{"start":{"line":47,"column":2},"end":{"line":103,"column":3}},"10":{"start":{"line":56,"column":10},"end":{"line":99,"column":16}}},"fnMap":{"0":{"name":"(anonymous_0)","decl":{"start":{"line":30,"column":14},"end":{"line":30,"column":15}},"loc":{"start":{"line":30,"column":75},"end":{"line":104,"column":1}},"line":30},"1":{"name":"(anonymous_1)","decl":{"start":{"line":35,"column":21},"end":{"line":35,"column":22}},"loc":{"start":{"line":38,"column":7},"end":{"line":41,"column":3}},"line":38},"2":{"name":"(anonymous_2)","decl":{"start":{"line":43,"column":12},"end":{"line":43,"column":13}},"loc":{"start":{"line":43,"column":18},"end":{"line":45,"column":3}},"line":43},"3":{"name":"(anonymous_3)","decl":{"start":{"line":55,"column":9},"end":{"line":55,"column":10}},"loc":{"start":{"line":56,"column":10},"end":{"line":99,"column":16}},"line":56}},"branchMap":{"0":{"loc":{"start":{"line":30,"column":23},"end":{"line":30,"column":41}},"type":"default-arg","locations":[{"start":{"line":30,"column":37},"end":{"line":30,"column":41}}],"line":30},"1":{"loc":{"start":{"line":44,"column":4},"end":{"line":44,"column":33}},"type":"binary-expr","locations":[{"start":{"line":44,"column":4},"end":{"line":44,"column":8}},{"start":{"line":44,"column":12},"end":{"line":44,"column":33}}],"line":44},"2":{"loc":{"start":{"line":48,"column":4},"end":{"line":102,"column":5}},"type":"binary-expr","locations":[{"start":{"line":48,"column":4},"end":{"line":48,"column":8}},{"start":{"line":49,"column":6},"end":{"line":101,"column":15}}],"line":48}},"s":{"0":2,"1":3,"2":3,"3":3,"4":3,"5":0,"6":0,"7":3,"8":3,"9":3,"10":2},"f":{"0":3,"1":0,"2":3,"3":2},"b":{"0":[3],"1":[3,2],"2":[3,2]},"_coverageSchema":"1a1c01bbd47fc00a2c39e90264f33305004495a9","hash":"e36ce284db9c69f6ae0dcee45bad6f6c4e1b27e0"}
,"/Users/alexey/Desktop/EPAM/1.1_Mentoring/React/mentoring_4/src/components/common/modal/Modal.utils.ts": {"path":"/Users/alexey/Desktop/EPAM/1.1_Mentoring/React/mentoring_4/src/components/common/modal/Modal.utils.ts","statementMap":{"0":{"start":{"line":6,"column":29},"end":{"line":23,"column":4}},"1":{"start":{"line":7,"column":2},"end":{"line":23,"column":4}},"2":{"start":{"line":25,"column":35},"end":{"line":39,"column":1}},"3":{"start":{"line":26,"column":32},"end":{"line":34,"column":3}},"4":{"start":{"line":36,"column":2},"end":{"line":36,"column":40}},"5":{"start":{"line":38,"column":2},"end":{"line":38,"column":18}},"6":{"start":{"line":41,"column":33},"end":{"line":44,"column":3}},"7":{"start":{"line":42,"column":2},"end":{"line":44,"column":3}},"8":{"start":{"line":42,"column":27},"end":{"line":42,"column":34}},"9":{"start":{"line":43,"column":24},"end":{"line":43,"column":71}}},"fnMap":{"0":{"name":"(anonymous_0)","decl":{"start":{"line":6,"column":29},"end":{"line":6,"column":30}},"loc":{"start":{"line":7,"column":2},"end":{"line":23,"column":4}},"line":7},"1":{"name":"(anonymous_1)","decl":{"start":{"line":25,"column":35},"end":{"line":25,"column":36}},"loc":{"start":{"line":25,"column":68},"end":{"line":39,"column":1}},"line":25},"2":{"name":"(anonymous_2)","decl":{"start":{"line":41,"column":33},"end":{"line":41,"column":34}},"loc":{"start":{"line":42,"column":2},"end":{"line":44,"column":3}},"line":42},"3":{"name":"(anonymous_3)","decl":{"start":{"line":42,"column":20},"end":{"line":42,"column":21}},"loc":{"start":{"line":42,"column":27},"end":{"line":42,"column":34}},"line":42},"4":{"name":"(anonymous_4)","decl":{"start":{"line":43,"column":4},"end":{"line":43,"column":5}},"loc":{"start":{"line":43,"column":24},"end":{"line":43,"column":71}},"line":43}},"branchMap":{"0":{"loc":{"start":{"line":25,"column":36},"end":{"line":25,"column":51}},"type":"default-arg","locations":[{"start":{"line":25,"column":49},"end":{"line":25,"column":51}}],"line":25},"1":{"loc":{"start":{"line":27,"column":11},"end":{"line":27,"column":29}},"type":"binary-expr","locations":[{"start":{"line":27,"column":11},"end":{"line":27,"column":23}},{"start":{"line":27,"column":27},"end":{"line":27,"column":29}}],"line":27},"2":{"loc":{"start":{"line":28,"column":17},"end":{"line":28,"column":41}},"type":"binary-expr","locations":[{"start":{"line":28,"column":17},"end":{"line":28,"column":35}},{"start":{"line":28,"column":39},"end":{"line":28,"column":41}}],"line":28},"3":{"loc":{"start":{"line":29,"column":11},"end":{"line":29,"column":35}},"type":"binary-expr","locations":[{"start":{"line":29,"column":11},"end":{"line":29,"column":29}},{"start":{"line":29,"column":33},"end":{"line":29,"column":35}}],"line":29},"4":{"loc":{"start":{"line":30,"column":18},"end":{"line":30,"column":43}},"type":"binary-expr","locations":[{"start":{"line":30,"column":18},"end":{"line":30,"column":37}},{"start":{"line":30,"column":41},"end":{"line":30,"column":43}}],"line":30},"5":{"loc":{"start":{"line":31,"column":18},"end":{"line":31,"column":42}},"type":"binary-expr","locations":[{"start":{"line":31,"column":18},"end":{"line":31,"column":37}},{"start":{"line":31,"column":41},"end":{"line":31,"column":42}}],"line":31},"6":{"loc":{"start":{"line":32,"column":13},"end":{"line":32,"column":32}},"type":"binary-expr","locations":[{"start":{"line":32,"column":13},"end":{"line":32,"column":27}},{"start":{"line":32,"column":31},"end":{"line":32,"column":32}}],"line":32},"7":{"loc":{"start":{"line":33,"column":14},"end":{"line":33,"column":35}},"type":"binary-expr","locations":[{"start":{"line":33,"column":14},"end":{"line":33,"column":29}},{"start":{"line":33,"column":33},"end":{"line":33,"column":35}}],"line":33},"8":{"loc":{"start":{"line":36,"column":2},"end":{"line":36,"column":40}},"type":"binary-expr","locations":[{"start":{"line":36,"column":2},"end":{"line":36,"column":11}},{"start":{"line":36,"column":16},"end":{"line":36,"column":39}}],"line":36}},"s":{"0":2,"1":3,"2":2,"3":3,"4":3,"5":3,"6":2,"7":3,"8":15,"9":12},"f":{"0":3,"1":3,"2":3,"3":15,"4":12},"b":{"0":[0],"1":[3,3],"2":[3,3],"3":[3,3],"4":[3,3],"5":[3,3],"6":[3,3],"7":[3,3],"8":[3,0]},"_coverageSchema":"1a1c01bbd47fc00a2c39e90264f33305004495a9","hash":"500888e71ff7e116ac142e9228cc25d63e3f9b47"}
,"/Users/alexey/Desktop/EPAM/1.1_Mentoring/React/mentoring_4/src/components/common/modal/index.ts": {"path":"/Users/alexey/Desktop/EPAM/1.1_Mentoring/React/mentoring_4/src/components/common/modal/index.ts","statementMap":{},"fnMap":{},"branchMap":{},"s":{},"f":{},"b":{},"_coverageSchema":"1a1c01bbd47fc00a2c39e90264f33305004495a9","hash":"d4a3050d0a3677fc39e22f3503715d0bf81ee35d"}
,"/Users/alexey/Desktop/EPAM/1.1_Mentoring/React/mentoring_4/src/components/common/page-not-found/PageNotFound.tsx": {"path":"/Users/alexey/Desktop/EPAM/1.1_Mentoring/React/mentoring_4/src/components/common/page-not-found/PageNotFound.tsx","statementMap":{"0":{"start":{"line":5,"column":21},"end":{"line":16,"column":1}},"1":{"start":{"line":6,"column":2},"end":{"line":15,"column":8}}},"fnMap":{"0":{"name":"(anonymous_0)","decl":{"start":{"line":5,"column":21},"end":{"line":5,"column":22}},"loc":{"start":{"line":6,"column":2},"end":{"line":15,"column":8}},"line":6}},"branchMap":{},"s":{"0":1,"1":1},"f":{"0":1},"b":{},"_coverageSchema":"1a1c01bbd47fc00a2c39e90264f33305004495a9","hash":"97a3d8af52896da890d884cfcfba75636b658486"}
,"/Users/alexey/Desktop/EPAM/1.1_Mentoring/React/mentoring_4/src/components/common/page-not-found/index.ts": {"path":"/Users/alexey/Desktop/EPAM/1.1_Mentoring/React/mentoring_4/src/components/common/page-not-found/index.ts","statementMap":{},"fnMap":{},"branchMap":{},"s":{},"f":{},"b":{},"_coverageSchema":"1a1c01bbd47fc00a2c39e90264f33305004495a9","hash":"c2df56021f7cb74986fee64e62ccc98e14169888"}
,"/Users/alexey/Desktop/EPAM/1.1_Mentoring/React/mentoring_4/src/components/common/search/Search.tsx": {"path":"/Users/alexey/Desktop/EPAM/1.1_Mentoring/React/mentoring_4/src/components/common/search/Search.tsx","statementMap":{"0":{"start":{"line":14,"column":15},"end":{"line":40,"column":1}},"1":{"start":{"line":19,"column":28},"end":{"line":19,"column":50}},"2":{"start":{"line":20,"column":28},"end":{"line":20,"column":49}},"3":{"start":{"line":21,"column":24},"end":{"line":23,"column":3}},"4":{"start":{"line":22,"column":4},"end":{"line":22,"column":58}},"5":{"start":{"line":25,"column":2},"end":{"line":39,"column":3}},"6":{"start":{"line":31,"column":25},"end":{"line":31,"column":49}}},"fnMap":{"0":{"name":"(anonymous_0)","decl":{"start":{"line":14,"column":15},"end":{"line":14,"column":16}},"loc":{"start":{"line":18,"column":29},"end":{"line":40,"column":1}},"line":18},"1":{"name":"(anonymous_1)","decl":{"start":{"line":21,"column":24},"end":{"line":21,"column":25}},"loc":{"start":{"line":21,"column":30},"end":{"line":23,"column":3}},"line":21},"2":{"name":"(anonymous_2)","decl":{"start":{"line":31,"column":18},"end":{"line":31,"column":19}},"loc":{"start":{"line":31,"column":25},"end":{"line":31,"column":49}},"line":31}},"branchMap":{"0":{"loc":{"start":{"line":17,"column":9},"end":{"line":17,"column":26}},"type":"default-arg","locations":[{"start":{"line":17,"column":24},"end":{"line":17,"column":26}}],"line":17}},"s":{"0":2,"1":8,"2":8,"3":8,"4":1,"5":8,"6":1},"f":{"0":8,"1":1,"2":1},"b":{"0":[0]},"_coverageSchema":"1a1c01bbd47fc00a2c39e90264f33305004495a9","hash":"337c7902ab9b35b1fd443a7459c03a96ab19e303"}
,"/Users/alexey/Desktop/EPAM/1.1_Mentoring/React/mentoring_4/src/components/common/search/index.ts": {"path":"/Users/alexey/Desktop/EPAM/1.1_Mentoring/React/mentoring_4/src/components/common/search/index.ts","statementMap":{},"fnMap":{},"branchMap":{},"s":{},"f":{},"b":{},"_coverageSchema":"1a1c01bbd47fc00a2c39e90264f33305004495a9","hash":"88bada9bfce90e2826f46b0d93dd901ed2e07be7"}
,"/Users/alexey/Desktop/EPAM/1.1_Mentoring/React/mentoring_4/src/components/common/select/Select.tsx": {"path":"/Users/alexey/Desktop/EPAM/1.1_Mentoring/React/mentoring_4/src/components/common/select/Select.tsx","statementMap":{"0":{"start":{"line":18,"column":15},"end":{"line":36,"column":1}},"1":{"start":{"line":19,"column":24},"end":{"line":19,"column":38}},"2":{"start":{"line":21,"column":2},"end":{"line":35,"column":3}},"3":{"start":{"line":30,"column":10},"end":{"line":30,"column":65}}},"fnMap":{"0":{"name":"(anonymous_0)","decl":{"start":{"line":18,"column":15},"end":{"line":18,"column":16}},"loc":{"start":{"line":18,"column":75},"end":{"line":36,"column":1}},"line":18},"1":{"name":"(anonymous_1)","decl":{"start":{"line":29,"column":18},"end":{"line":29,"column":19}},"loc":{"start":{"line":30,"column":10},"end":{"line":30,"column":65}},"line":30}},"branchMap":{"0":{"loc":{"start":{"line":18,"column":18},"end":{"line":18,"column":28}},"type":"default-arg","locations":[{"start":{"line":18,"column":26},"end":{"line":18,"column":28}}],"line":18},"1":{"loc":{"start":{"line":18,"column":30},"end":{"line":18,"column":39}},"type":"default-arg","locations":[{"start":{"line":18,"column":37},"end":{"line":18,"column":39}}],"line":18}},"s":{"0":2,"1":2,"2":2,"3":8},"f":{"0":2,"1":8},"b":{"0":[0],"1":[0]},"_coverageSchema":"1a1c01bbd47fc00a2c39e90264f33305004495a9","hash":"d4cbdca6d0f8e05c02d3723c0adf26c60b37e0c6"}
,"/Users/alexey/Desktop/EPAM/1.1_Mentoring/React/mentoring_4/src/components/common/select/index.ts": {"path":"/Users/alexey/Desktop/EPAM/1.1_Mentoring/React/mentoring_4/src/components/common/select/index.ts","statementMap":{},"fnMap":{},"branchMap":{},"s":{},"f":{},"b":{},"_coverageSchema":"1a1c01bbd47fc00a2c39e90264f33305004495a9","hash":"e463dd3d1ff93dbe1b88e4bba46894e8b7b672bc"}
,"/Users/alexey/Desktop/EPAM/1.1_Mentoring/React/mentoring_4/src/components/common/sorting/Sorting.constants.ts": {"path":"/Users/alexey/Desktop/EPAM/1.1_Mentoring/React/mentoring_4/src/components/common/sorting/Sorting.constants.ts","statementMap":{"0":{"start":{"line":7,"column":43},"end":{"line":11,"column":1}}},"fnMap":{},"branchMap":{},"s":{"0":2},"f":{},"b":{},"_coverageSchema":"1a1c01bbd47fc00a2c39e90264f33305004495a9","hash":"beeb54a43597935f791b9d500d116e86f37b60d7"}
,"/Users/alexey/Desktop/EPAM/1.1_Mentoring/React/mentoring_4/src/components/common/sorting/Sorting.tsx": {"path":"/Users/alexey/Desktop/EPAM/1.1_Mentoring/React/mentoring_4/src/components/common/sorting/Sorting.tsx","statementMap":{"0":{"start":{"line":12,"column":16},"end":{"line":86,"column":1}},"1":{"start":{"line":16,"column":42},"end":{"line":16,"column":57}},"2":{"start":{"line":17,"column":44},"end":{"line":19,"column":3}},"3":{"start":{"line":18,"column":10},"end":{"line":18,"column":24}},"4":{"start":{"line":20,"column":40},"end":{"line":20,"column":64}},"5":{"start":{"line":21,"column":27},"end":{"line":21,"column":48}},"6":{"start":{"line":22,"column":22},"end":{"line":22,"column":62}},"7":{"start":{"line":23,"column":25},"end":{"line":23,"column":80}},"8":{"start":{"line":25,"column":34},"end":{"line":27,"column":4}},"9":{"start":{"line":29,"column":31},"end":{"line":34,"column":3}},"10":{"start":{"line":30,"column":24},"end":{"line":30,"column":66}},"11":{"start":{"line":30,"column":51},"end":{"line":30,"column":65}},"12":{"start":{"line":31,"column":4},"end":{"line":31,"column":33}},"13":{"start":{"line":32,"column":4},"end":{"line":32,"column":53}},"14":{"start":{"line":33,"column":4},"end":{"line":33,"column":26}},"15":{"start":{"line":36,"column":24},"end":{"line":36,"column":68}},"16":{"start":{"line":36,"column":30},"end":{"line":36,"column":68}},"17":{"start":{"line":36,"column":59},"end":{"line":36,"column":67}},"18":{"start":{"line":38,"column":27},"end":{"line":43,"column":3}},"19":{"start":{"line":40,"column":6},"end":{"line":40,"column":72}},"20":{"start":{"line":41,"column":4},"end":{"line":41,"column":31}},"21":{"start":{"line":42,"column":4},"end":{"line":42,"column":55}},"22":{"start":{"line":45,"column":2},"end":{"line":56,"column":19}},"23":{"start":{"line":46,"column":4},"end":{"line":48,"column":5}},"24":{"start":{"line":47,"column":6},"end":{"line":47,"column":12}},"25":{"start":{"line":49,"column":26},"end":{"line":49,"column":76}},"26":{"start":{"line":49,"column":51},"end":{"line":49,"column":75}},"27":{"start":{"line":51,"column":4},"end":{"line":53,"column":26}},"28":{"start":{"line":54,"column":4},"end":{"line":54,"column":35}},"29":{"start":{"line":55,"column":4},"end":{"line":55,"column":31}},"30":{"start":{"line":58,"column":2},"end":{"line":85,"column":3}},"31":{"start":{"line":68,"column":14},"end":{"line":74,"column":21}},"32":{"start":{"line":71,"column":31},"end":{"line":71,"column":60}}},"fnMap":{"0":{"name":"(anonymous_0)","decl":{"start":{"line":12,"column":16},"end":{"line":12,"column":17}},"loc":{"start":{"line":15,"column":30},"end":{"line":86,"column":1}},"line":15},"1":{"name":"(anonymous_1)","decl":{"start":{"line":18,"column":4},"end":{"line":18,"column":5}},"loc":{"start":{"line":18,"column":10},"end":{"line":18,"column":24}},"line":18},"2":{"name":"(anonymous_2)","decl":{"start":{"line":29,"column":31},"end":{"line":29,"column":32}},"loc":{"start":{"line":29,"column":47},"end":{"line":34,"column":3}},"line":29},"3":{"name":"(anonymous_3)","decl":{"start":{"line":30,"column":41},"end":{"line":30,"column":42}},"loc":{"start":{"line":30,"column":51},"end":{"line":30,"column":65}},"line":30},"4":{"name":"(anonymous_4)","decl":{"start":{"line":36,"column":24},"end":{"line":36,"column":25}},"loc":{"start":{"line":36,"column":30},"end":{"line":36,"column":68}},"line":36},"5":{"name":"(anonymous_5)","decl":{"start":{"line":36,"column":46},"end":{"line":36,"column":47}},"loc":{"start":{"line":36,"column":59},"end":{"line":36,"column":67}},"line":36},"6":{"name":"(anonymous_6)","decl":{"start":{"line":38,"column":27},"end":{"line":38,"column":28}},"loc":{"start":{"line":38,"column":33},"end":{"line":43,"column":3}},"line":38},"7":{"name":"(anonymous_7)","decl":{"start":{"line":45,"column":12},"end":{"line":45,"column":13}},"loc":{"start":{"line":45,"column":18},"end":{"line":56,"column":3}},"line":45},"8":{"name":"(anonymous_8)","decl":{"start":{"line":49,"column":43},"end":{"line":49,"column":44}},"loc":{"start":{"line":49,"column":51},"end":{"line":49,"column":75}},"line":49},"9":{"name":"(anonymous_9)","decl":{"start":{"line":67,"column":29},"end":{"line":67,"column":30}},"loc":{"start":{"line":68,"column":14},"end":{"line":74,"column":21}},"line":68},"10":{"name":"(anonymous_10)","decl":{"start":{"line":71,"column":25},"end":{"line":71,"column":26}},"loc":{"start":{"line":71,"column":31},"end":{"line":71,"column":60}},"line":71}},"branchMap":{"0":{"loc":{"start":{"line":13,"column":2},"end":{"line":13,"column":18}},"type":"default-arg","locations":[{"start":{"line":13,"column":16},"end":{"line":13,"column":18}}],"line":13},"1":{"loc":{"start":{"line":23,"column":44},"end":{"line":23,"column":78}},"type":"cond-expr","locations":[{"start":{"line":23,"column":59},"end":{"line":23,"column":73}},{"start":{"line":23,"column":76},"end":{"line":23,"column":78}}],"line":23},"2":{"loc":{"start":{"line":26,"column":4},"end":{"line":26,"column":78}},"type":"cond-expr","locations":[{"start":{"line":26,"column":37},"end":{"line":26,"column":55}},{"start":{"line":26,"column":58},"end":{"line":26,"column":78}}],"line":26},"3":{"loc":{"start":{"line":40,"column":6},"end":{"line":40,"column":72}},"type":"cond-expr","locations":[{"start":{"line":40,"column":39},"end":{"line":40,"column":55}},{"start":{"line":40,"column":58},"end":{"line":40,"column":72}}],"line":40},"4":{"loc":{"start":{"line":46,"column":4},"end":{"line":48,"column":5}},"type":"if","locations":[{"start":{"line":46,"column":4},"end":{"line":48,"column":5}},{"start":{},"end":{}}],"line":46},"5":{"loc":{"start":{"line":51,"column":4},"end":{"line":53,"column":26}},"type":"cond-expr","locations":[{"start":{"line":52,"column":10},"end":{"line":52,"column":24}},{"start":{"line":53,"column":10},"end":{"line":53,"column":26}}],"line":51},"6":{"loc":{"start":{"line":59,"column":4},"end":{"line":84,"column":5}},"type":"binary-expr","locations":[{"start":{"line":59,"column":4},"end":{"line":59,"column":22}},{"start":{"line":60,"column":6},"end":{"line":83,"column":12}}],"line":59}},"s":{"0":2,"1":6,"2":6,"3":5,"4":6,"5":6,"6":6,"7":6,"8":6,"9":6,"10":0,"11":0,"12":0,"13":0,"14":0,"15":6,"16":0,"17":0,"18":6,"19":1,"20":1,"21":1,"22":6,"23":5,"24":5,"25":0,"26":0,"27":0,"28":0,"29":0,"30":6,"31":15,"32":0},"f":{"0":6,"1":5,"2":0,"3":0,"4":0,"5":0,"6":1,"7":5,"8":0,"9":15,"10":0},"b":{"0":[0],"1":[0,6],"2":[5,1],"3":[1,0],"4":[5,0],"5":[0,0],"6":[6,5]},"_coverageSchema":"1a1c01bbd47fc00a2c39e90264f33305004495a9","hash":"914996191a5654394701edd3140c5ef3f4234a60"}
,"/Users/alexey/Desktop/EPAM/1.1_Mentoring/React/mentoring_4/src/components/common/sorting/index.ts": {"path":"/Users/alexey/Desktop/EPAM/1.1_Mentoring/React/mentoring_4/src/components/common/sorting/index.ts","statementMap":{},"fnMap":{},"branchMap":{},"s":{},"f":{},"b":{},"_coverageSchema":"1a1c01bbd47fc00a2c39e90264f33305004495a9","hash":"8073e3329ac9ff4b3c479f3cde0462538dd0fe7d"}
,"/Users/alexey/Desktop/EPAM/1.1_Mentoring/React/mentoring_4/src/components/main/navbar/genres/GenresConstants.ts": {"path":"/Users/alexey/Desktop/EPAM/1.1_Mentoring/React/mentoring_4/src/components/main/navbar/genres/GenresConstants.ts","statementMap":{"0":{"start":{"line":8,"column":40},"end":{"line":14,"column":1}}},"fnMap":{},"branchMap":{},"s":{"0":2},"f":{},"b":{},"_coverageSchema":"1a1c01bbd47fc00a2c39e90264f33305004495a9","hash":"252285f630aed6f5646d9862adf2a0bb5b7cfa45"}
,"/Users/alexey/Desktop/EPAM/1.1_Mentoring/React/mentoring_4/src/hooks/index.ts": {"path":"/Users/alexey/Desktop/EPAM/1.1_Mentoring/React/mentoring_4/src/hooks/index.ts","statementMap":{},"fnMap":{},"branchMap":{},"s":{},"f":{},"b":{},"_coverageSchema":"1a1c01bbd47fc00a2c39e90264f33305004495a9","hash":"74bc5705ac66b877002d9d2346cf6bc5609abee7"}
,"/Users/alexey/Desktop/EPAM/1.1_Mentoring/React/mentoring_4/src/hooks/useFetch.ts": {"path":"/Users/alexey/Desktop/EPAM/1.1_Mentoring/React/mentoring_4/src/hooks/useFetch.ts","statementMap":{"0":{"start":{"line":8,"column":17},"end":{"line":8,"column":41}},"1":{"start":{"line":10,"column":17},"end":{"line":41,"column":1}},"2":{"start":{"line":11,"column":25},"end":{"line":11,"column":53}},"3":{"start":{"line":12,"column":36},"end":{"line":12,"column":51}},"4":{"start":{"line":13,"column":34},"end":{"line":13,"column":48}},"5":{"start":{"line":14,"column":28},"end":{"line":14,"column":42}},"6":{"start":{"line":15,"column":32},"end":{"line":15,"column":56}},"7":{"start":{"line":17,"column":2},"end":{"line":32,"column":17}},"8":{"start":{"line":18,"column":4},"end":{"line":18,"column":45}},"9":{"start":{"line":18,"column":29},"end":{"line":18,"column":43}},"10":{"start":{"line":20,"column":4},"end":{"line":31,"column":10}},"11":{"start":{"line":23,"column":10},"end":{"line":23,"column":31}},"12":{"start":{"line":26,"column":10},"end":{"line":26,"column":45}},"13":{"start":{"line":29,"column":10},"end":{"line":29,"column":29}},"14":{"start":{"line":30,"column":10},"end":{"line":30,"column":36}},"15":{"start":{"line":34,"column":18},"end":{"line":38,"column":8}},"16":{"start":{"line":35,"column":4},"end":{"line":35,"column":59}},"17":{"start":{"line":36,"column":4},"end":{"line":36,"column":70}},"18":{"start":{"line":36,"column":33},"end":{"line":36,"column":68}},"19":{"start":{"line":37,"column":4},"end":{"line":37,"column":22}},"20":{"start":{"line":40,"column":2},"end":{"line":40,"column":50}}},"fnMap":{"0":{"name":"(anonymous_0)","decl":{"start":{"line":10,"column":17},"end":{"line":10,"column":18}},"loc":{"start":{"line":10,"column":45},"end":{"line":41,"column":1}},"line":10},"1":{"name":"(anonymous_1)","decl":{"start":{"line":17,"column":12},"end":{"line":17,"column":13}},"loc":{"start":{"line":17,"column":18},"end":{"line":32,"column":3}},"line":17},"2":{"name":"(anonymous_2)","decl":{"start":{"line":18,"column":15},"end":{"line":18,"column":16}},"loc":{"start":{"line":18,"column":29},"end":{"line":18,"column":43}},"line":18},"3":{"name":"(anonymous_3)","decl":{"start":{"line":22,"column":14},"end":{"line":22,"column":15}},"loc":{"start":{"line":22,"column":23},"end":{"line":24,"column":9}},"line":22},"4":{"name":"(anonymous_4)","decl":{"start":{"line":25,"column":15},"end":{"line":25,"column":16}},"loc":{"start":{"line":25,"column":24},"end":{"line":27,"column":9}},"line":25},"5":{"name":"(anonymous_5)","decl":{"start":{"line":28,"column":17},"end":{"line":28,"column":18}},"loc":{"start":{"line":28,"column":23},"end":{"line":31,"column":9}},"line":28},"6":{"name":"(anonymous_6)","decl":{"start":{"line":34,"column":30},"end":{"line":34,"column":31}},"loc":{"start":{"line":34,"column":67},"end":{"line":38,"column":3}},"line":34},"7":{"name":"(anonymous_7)","decl":{"start":{"line":36,"column":15},"end":{"line":36,"column":16}},"loc":{"start":{"line":36,"column":33},"end":{"line":36,"column":68}},"line":36}},"branchMap":{"0":{"loc":{"start":{"line":20,"column":4},"end":{"line":31,"column":10}},"type":"binary-expr","locations":[{"start":{"line":20,"column":4},"end":{"line":20,"column":13}},{"start":{"line":21,"column":6},"end":{"line":31,"column":10}}],"line":20},"1":{"loc":{"start":{"line":34,"column":31},"end":{"line":34,"column":48}},"type":"default-arg","locations":[{"start":{"line":34,"column":46},"end":{"line":34,"column":48}}],"line":34},"2":{"loc":{"start":{"line":34,"column":50},"end":{"line":34,"column":62}},"type":"default-arg","locations":[{"start":{"line":34,"column":58},"end":{"line":34,"column":62}}],"line":34},"3":{"loc":{"start":{"line":35,"column":4},"end":{"line":35,"column":59}},"type":"binary-expr","locations":[{"start":{"line":35,"column":4},"end":{"line":35,"column":9}},{"start":{"line":35,"column":14},"end":{"line":35,"column":58}}],"line":35}},"s":{"0":4,"1":4,"2":8,"3":8,"4":8,"5":8,"6":8,"7":8,"8":4,"9":4,"10":4,"11":0,"12":0,"13":0,"14":0,"15":8,"16":1,"17":1,"18":1,"19":1,"20":8},"f":{"0":8,"1":4,"2":4,"3":0,"4":0,"5":0,"6":1,"7":1},"b":{"0":[4,1],"1":[1],"2":[1],"3":[1,0]},"_coverageSchema":"1a1c01bbd47fc00a2c39e90264f33305004495a9","hash":"93da76adf216667bbc7dcfd3ab7b4c5e82880898"}
,"/Users/alexey/Desktop/EPAM/1.1_Mentoring/React/mentoring_4/src/hooks/useMovieApi.ts": {"path":"/Users/alexey/Desktop/EPAM/1.1_Mentoring/React/mentoring_4/src/hooks/useMovieApi.ts","statementMap":{"0":{"start":{"line":27,"column":22},"end":{"line":33,"column":1}},"1":{"start":{"line":35,"column":20},"end":{"line":80,"column":1}},"2":{"start":{"line":36,"column":20},"end":{"line":36,"column":43}},"3":{"start":{"line":37,"column":34},"end":{"line":37,"column":58}},"4":{"start":{"line":38,"column":19},"end":{"line":38,"column":32}},"5":{"start":{"line":40,"column":2},"end":{"line":44,"column":16}},"6":{"start":{"line":41,"column":4},"end":{"line":43,"column":63}},"7":{"start":{"line":46,"column":20},"end":{"line":49,"column":3}},"8":{"start":{"line":47,"column":4},"end":{"line":47,"column":37}},"9":{"start":{"line":48,"column":4},"end":{"line":48,"column":42}},"10":{"start":{"line":51,"column":19},"end":{"line":54,"column":3}},"11":{"start":{"line":52,"column":4},"end":{"line":52,"column":37}},"12":{"start":{"line":53,"column":4},"end":{"line":53,"column":44}},"13":{"start":{"line":56,"column":20},"end":{"line":59,"column":3}},"14":{"start":{"line":57,"column":4},"end":{"line":57,"column":38}},"15":{"start":{"line":58,"column":4},"end":{"line":58,"column":43}},"16":{"start":{"line":61,"column":22},"end":{"line":64,"column":3}},"17":{"start":{"line":62,"column":4},"end":{"line":62,"column":40}},"18":{"start":{"line":63,"column":4},"end":{"line":63,"column":45}},"19":{"start":{"line":66,"column":23},"end":{"line":69,"column":3}},"20":{"start":{"line":67,"column":4},"end":{"line":67,"column":43}},"21":{"start":{"line":68,"column":4},"end":{"line":68,"column":27}},"22":{"start":{"line":71,"column":17},"end":{"line":77,"column":3}},"23":{"start":{"line":79,"column":2},"end":{"line":79,"column":27}}},"fnMap":{"0":{"name":"(anonymous_0)","decl":{"start":{"line":35,"column":20},"end":{"line":35,"column":21}},"loc":{"start":{"line":35,"column":39},"end":{"line":80,"column":1}},"line":35},"1":{"name":"(anonymous_1)","decl":{"start":{"line":40,"column":12},"end":{"line":40,"column":13}},"loc":{"start":{"line":40,"column":18},"end":{"line":44,"column":3}},"line":40},"2":{"name":"(anonymous_2)","decl":{"start":{"line":46,"column":20},"end":{"line":46,"column":21}},"loc":{"start":{"line":46,"column":39},"end":{"line":49,"column":3}},"line":46},"3":{"name":"(anonymous_3)","decl":{"start":{"line":51,"column":19},"end":{"line":51,"column":20}},"loc":{"start":{"line":51,"column":42},"end":{"line":54,"column":3}},"line":51},"4":{"name":"(anonymous_4)","decl":{"start":{"line":56,"column":20},"end":{"line":56,"column":21}},"loc":{"start":{"line":56,"column":43},"end":{"line":59,"column":3}},"line":56},"5":{"name":"(anonymous_5)","decl":{"start":{"line":61,"column":22},"end":{"line":61,"column":23}},"loc":{"start":{"line":61,"column":38},"end":{"line":64,"column":3}},"line":61},"6":{"name":"(anonymous_6)","decl":{"start":{"line":66,"column":23},"end":{"line":66,"column":24}},"loc":{"start":{"line":66,"column":39},"end":{"line":69,"column":3}},"line":66}},"branchMap":{"0":{"loc":{"start":{"line":41,"column":4},"end":{"line":43,"column":63}},"type":"binary-expr","locations":[{"start":{"line":41,"column":4},"end":{"line":41,"column":13}},{"start":{"line":42,"column":6},"end":{"line":42,"column":14}},{"start":{"line":43,"column":6},"end":{"line":43,"column":63}}],"line":41},"1":{"loc":{"start":{"line":48,"column":4},"end":{"line":48,"column":42}},"type":"cond-expr","locations":[{"start":{"line":48,"column":12},"end":{"line":48,"column":30}},{"start":{"line":48,"column":33},"end":{"line":48,"column":42}}],"line":48}},"s":{"0":3,"1":3,"2":0,"3":0,"4":0,"5":0,"6":0,"7":0,"8":0,"9":0,"10":0,"11":0,"12":0,"13":0,"14":0,"15":0,"16":0,"17":0,"18":0,"19":0,"20":0,"21":0,"22":0,"23":0},"f":{"0":0,"1":0,"2":0,"3":0,"4":0,"5":0,"6":0},"b":{"0":[0,0,0],"1":[0,0]},"_coverageSchema":"1a1c01bbd47fc00a2c39e90264f33305004495a9","hash":"f6f30bee7a562dc0b2b24320753619f1608b5396"}
,"/Users/alexey/Desktop/EPAM/1.1_Mentoring/React/mentoring_4/src/hooks/useMovieQueryParams.ts": {"path":"/Users/alexey/Desktop/EPAM/1.1_Mentoring/React/mentoring_4/src/hooks/useMovieQueryParams.ts","statementMap":{"0":{"start":{"line":18,"column":28},"end":{"line":67,"column":1}},"1":{"start":{"line":19,"column":29},"end":{"line":19,"column":46}},"2":{"start":{"line":21,"column":17},"end":{"line":21,"column":46}},"3":{"start":{"line":22,"column":21},"end":{"line":22,"column":49}},"4":{"start":{"line":23,"column":17},"end":{"line":23,"column":46}},"5":{"start":{"line":24,"column":20},"end":{"line":24,"column":52}},"6":{"start":{"line":26,"column":17},"end":{"line":26,"column":55}},"7":{"start":{"line":28,"column":22},"end":{"line":33,"column":4}},"8":{"start":{"line":35,"column":20},"end":{"line":49,"column":3}},"9":{"start":{"line":36,"column":22},"end":{"line":36,"column":49}},"10":{"start":{"line":37,"column":4},"end":{"line":46,"column":6}},"11":{"start":{"line":38,"column":6},"end":{"line":41,"column":7}},"12":{"start":{"line":39,"column":8},"end":{"line":39,"column":53}},"13":{"start":{"line":40,"column":8},"end":{"line":40,"column":14}},"14":{"start":{"line":43,"column":6},"end":{"line":45,"column":53}},"15":{"start":{"line":48,"column":4},"end":{"line":48,"column":23}},"16":{"start":{"line":51,"column":19},"end":{"line":52,"column":46}},"17":{"start":{"line":52,"column":4},"end":{"line":52,"column":46}},"18":{"start":{"line":54,"column":22},"end":{"line":62,"column":3}},"19":{"start":{"line":55,"column":4},"end":{"line":57,"column":5}},"20":{"start":{"line":56,"column":6},"end":{"line":56,"column":12}},"21":{"start":{"line":58,"column":22},"end":{"line":58,"column":49}},"22":{"start":{"line":59,"column":4},"end":{"line":59,"column":26}},"23":{"start":{"line":61,"column":4},"end":{"line":61,"column":23}},"24":{"start":{"line":64,"column":38},"end":{"line":64,"column":74}},"25":{"start":{"line":66,"column":2},"end":{"line":66,"column":36}}},"fnMap":{"0":{"name":"(anonymous_0)","decl":{"start":{"line":18,"column":28},"end":{"line":18,"column":29}},"loc":{"start":{"line":18,"column":76},"end":{"line":67,"column":1}},"line":18},"1":{"name":"(anonymous_1)","decl":{"start":{"line":35,"column":20},"end":{"line":35,"column":21}},"loc":{"start":{"line":35,"column":65},"end":{"line":49,"column":3}},"line":35},"2":{"name":"(anonymous_2)","decl":{"start":{"line":37,"column":40},"end":{"line":37,"column":41}},"loc":{"start":{"line":37,"column":59},"end":{"line":46,"column":5}},"line":37},"3":{"name":"(anonymous_3)","decl":{"start":{"line":51,"column":19},"end":{"line":51,"column":20}},"loc":{"start":{"line":52,"column":4},"end":{"line":52,"column":46}},"line":52},"4":{"name":"(anonymous_4)","decl":{"start":{"line":54,"column":22},"end":{"line":54,"column":23}},"loc":{"start":{"line":54,"column":44},"end":{"line":62,"column":3}},"line":54}},"branchMap":{"0":{"loc":{"start":{"line":26,"column":17},"end":{"line":26,"column":55}},"type":"cond-expr","locations":[{"start":{"line":26,"column":40},"end":{"line":26,"column":42}},{"start":{"line":26,"column":45},"end":{"line":26,"column":55}}],"line":26},"1":{"loc":{"start":{"line":38,"column":6},"end":{"line":41,"column":7}},"type":"if","locations":[{"start":{"line":38,"column":6},"end":{"line":41,"column":7}},{"start":{},"end":{}}],"line":38},"2":{"loc":{"start":{"line":39,"column":8},"end":{"line":39,"column":53}},"type":"binary-expr","locations":[{"start":{"line":39,"column":8},"end":{"line":39,"column":27}},{"start":{"line":39,"column":31},"end":{"line":39,"column":53}}],"line":39},"3":{"loc":{"start":{"line":43,"column":6},"end":{"line":45,"column":53}},"type":"cond-expr","locations":[{"start":{"line":44,"column":10},"end":{"line":44,"column":50}},{"start":{"line":45,"column":10},"end":{"line":45,"column":53}}],"line":43},"4":{"loc":{"start":{"line":52,"column":4},"end":{"line":52,"column":46}},"type":"cond-expr","locations":[{"start":{"line":52,"column":23},"end":{"line":52,"column":39}},{"start":{"line":52,"column":42},"end":{"line":52,"column":46}}],"line":52},"5":{"loc":{"start":{"line":55,"column":4},"end":{"line":57,"column":5}},"type":"if","locations":[{"start":{"line":55,"column":4},"end":{"line":57,"column":5}},{"start":{},"end":{}}],"line":55}},"s":{"0":3,"1":14,"2":14,"3":14,"4":14,"5":14,"6":14,"7":14,"8":14,"9":1,"10":1,"11":1,"12":0,"13":0,"14":1,"15":1,"16":14,"17":6,"18":14,"19":0,"20":0,"21":0,"22":0,"23":0,"24":14,"25":14},"f":{"0":14,"1":1,"2":1,"3":6,"4":0},"b":{"0":[0,14],"1":[0,1],"2":[0,0],"3":[0,1],"4":[0,6],"5":[0,0]},"_coverageSchema":"1a1c01bbd47fc00a2c39e90264f33305004495a9","hash":"992de36684f9ca2634d6443c2e33ecdfd41e38e8"}
,"/Users/alexey/Desktop/EPAM/1.1_Mentoring/React/mentoring_4/src/redux/action-creators/actionCreators.ts": {"path":"/Users/alexey/Desktop/EPAM/1.1_Mentoring/React/mentoring_4/src/redux/action-creators/actionCreators.ts","statementMap":{"0":{"start":{"line":14,"column":2},"end":{"line":14,"column":49}},"1":{"start":{"line":18,"column":2},"end":{"line":18,"column":59}},"2":{"start":{"line":22,"column":2},"end":{"line":22,"column":56}},"3":{"start":{"line":26,"column":2},"end":{"line":26,"column":59}},"4":{"start":{"line":30,"column":2},"end":{"line":30,"column":51}},"5":{"start":{"line":34,"column":2},"end":{"line":34,"column":49}},"6":{"start":{"line":38,"column":2},"end":{"line":38,"column":48}}},"fnMap":{"0":{"name":"setMovies","decl":{"start":{"line":13,"column":16},"end":{"line":13,"column":25}},"loc":{"start":{"line":13,"column":62},"end":{"line":15,"column":1}},"line":13},"1":{"name":"setActiveMovie","decl":{"start":{"line":17,"column":16},"end":{"line":17,"column":30}},"loc":{"start":{"line":17,"column":65},"end":{"line":19,"column":1}},"line":17},"2":{"name":"addMovie","decl":{"start":{"line":21,"column":16},"end":{"line":21,"column":24}},"loc":{"start":{"line":21,"column":59},"end":{"line":23,"column":1}},"line":21},"3":{"name":"filterMovie","decl":{"start":{"line":25,"column":16},"end":{"line":25,"column":27}},"loc":{"start":{"line":25,"column":63},"end":{"line":27,"column":1}},"line":25},"4":{"name":"deleteMovie","decl":{"start":{"line":29,"column":16},"end":{"line":29,"column":27}},"loc":{"start":{"line":29,"column":66},"end":{"line":31,"column":1}},"line":29},"5":{"name":"editMovie","decl":{"start":{"line":33,"column":16},"end":{"line":33,"column":25}},"loc":{"start":{"line":33,"column":60},"end":{"line":35,"column":1}},"line":33},"6":{"name":"getMovieById","decl":{"start":{"line":37,"column":16},"end":{"line":37,"column":28}},"loc":{"start":{"line":37,"column":66},"end":{"line":39,"column":1}},"line":37}},"branchMap":{},"s":{"0":1,"1":1,"2":1,"3":0,"4":1,"5":1,"6":0},"f":{"0":1,"1":1,"2":1,"3":0,"4":1,"5":1,"6":0},"b":{},"_coverageSchema":"1a1c01bbd47fc00a2c39e90264f33305004495a9","hash":"b8c1c4b77b870e531f347760184b0f1b034c00e5"}
,"/Users/alexey/Desktop/EPAM/1.1_Mentoring/React/mentoring_4/src/redux/action-type/actionType.ts": {"path":"/Users/alexey/Desktop/EPAM/1.1_Mentoring/React/mentoring_4/src/redux/action-type/actionType.ts","statementMap":{},"fnMap":{},"branchMap":{},"s":{},"f":{},"b":{},"_coverageSchema":"1a1c01bbd47fc00a2c39e90264f33305004495a9","hash":"4e7da93e42631e0264659299e8335b3b626a9390"}
,"/Users/alexey/Desktop/EPAM/1.1_Mentoring/React/mentoring_4/src/redux/reducers/moviesReducer.ts": {"path":"/Users/alexey/Desktop/EPAM/1.1_Mentoring/React/mentoring_4/src/redux/reducers/moviesReducer.ts","statementMap":{"0":{"start":{"line":10,"column":34},"end":{"line":13,"column":1}},"1":{"start":{"line":19,"column":2},"end":{"line":41,"column":3}},"2":{"start":{"line":23,"column":6},"end":{"line":26,"column":7}},"3":{"start":{"line":28,"column":6},"end":{"line":31,"column":7}},"4":{"start":{"line":30,"column":49},"end":{"line":30,"column":72}},"5":{"start":{"line":33,"column":6},"end":{"line":38,"column":7}},"6":{"start":{"line":36,"column":10},"end":{"line":36,"column":57}},"7":{"start":{"line":40,"column":6},"end":{"line":40,"column":18}}},"fnMap":{"0":{"name":"moviesReducer","decl":{"start":{"line":15,"column":24},"end":{"line":15,"column":37}},"loc":{"start":{"line":18,"column":2},"end":{"line":42,"column":1}},"line":18},"1":{"name":"(anonymous_1)","decl":{"start":{"line":30,"column":42},"end":{"line":30,"column":43}},"loc":{"start":{"line":30,"column":49},"end":{"line":30,"column":72}},"line":30},"2":{"name":"(anonymous_2)","decl":{"start":{"line":35,"column":39},"end":{"line":35,"column":40}},"loc":{"start":{"line":36,"column":10},"end":{"line":36,"column":57}},"line":36}},"branchMap":{"0":{"loc":{"start":{"line":16,"column":2},"end":{"line":16,"column":35}},"type":"default-arg","locations":[{"start":{"line":16,"column":23},"end":{"line":16,"column":35}}],"line":16},"1":{"loc":{"start":{"line":19,"column":2},"end":{"line":41,"column":3}},"type":"switch","locations":[{"start":{"line":20,"column":4},"end":{"line":20,"column":31}},{"start":{"line":21,"column":4},"end":{"line":21,"column":30}},{"start":{"line":22,"column":4},"end":{"line":26,"column":7}},{"start":{"line":27,"column":4},"end":{"line":31,"column":7}},{"start":{"line":32,"column":4},"end":{"line":38,"column":7}},{"start":{"line":39,"column":4},"end":{"line":40,"column":18}}],"line":19},"2":{"loc":{"start":{"line":36,"column":10},"end":{"line":36,"column":57}},"type":"cond-expr","locations":[{"start":{"line":36,"column":39},"end":{"line":36,"column":53}},{"start":{"line":36,"column":56},"end":{"line":36,"column":57}}],"line":36}},"s":{"0":1,"1":5,"2":3,"3":1,"4":1,"5":1,"6":1,"7":0},"f":{"0":5,"1":1,"2":1},"b":{"0":[0],"1":[1,2,3,1,1,0],"2":[1,0]},"_coverageSchema":"1a1c01bbd47fc00a2c39e90264f33305004495a9","hash":"42b3807395d0c4967906cec55926142c734ae63a"}
,"/Users/alexey/Desktop/EPAM/1.1_Mentoring/React/mentoring_4/src/utils/index.ts": {"path":"/Users/alexey/Desktop/EPAM/1.1_Mentoring/React/mentoring_4/src/utils/index.ts","statementMap":{},"fnMap":{},"branchMap":{},"s":{},"f":{},"b":{},"_coverageSchema":"1a1c01bbd47fc00a2c39e90264f33305004495a9","hash":"9bac1b8fc8e0a624e04493f61f32d07b693f6381"}
,"/Users/alexey/Desktop/EPAM/1.1_Mentoring/React/mentoring_4/src/utils/url.utils.ts": {"path":"/Users/alexey/Desktop/EPAM/1.1_Mentoring/React/mentoring_4/src/utils/url.utils.ts","statementMap":{"0":{"start":{"line":1,"column":35},"end":{"line":12,"column":1}},"1":{"start":{"line":2,"column":19},"end":{"line":2,"column":40}},"2":{"start":{"line":3,"column":17},"end":{"line":3,"column":42}},"3":{"start":{"line":4,"column":2},"end":{"line":11,"column":11}},"4":{"start":{"line":5,"column":23},"end":{"line":5,"column":31}},"5":{"start":{"line":7,"column":6},"end":{"line":10,"column":7}}},"fnMap":{"0":{"name":"(anonymous_0)","decl":{"start":{"line":1,"column":35},"end":{"line":1,"column":36}},"loc":{"start":{"line":1,"column":70},"end":{"line":12,"column":1}},"line":1},"1":{"name":"(anonymous_1)","decl":{"start":{"line":5,"column":12},"end":{"line":5,"column":13}},"loc":{"start":{"line":5,"column":23},"end":{"line":5,"column":31}},"line":5},"2":{"name":"(anonymous_2)","decl":{"start":{"line":6,"column":12},"end":{"line":6,"column":13}},"loc":{"start":{"line":6,"column":33},"end":{"line":11,"column":5}},"line":6}},"branchMap":{"0":{"loc":{"start":{"line":9,"column":9},"end":{"line":9,"column":75}},"type":"cond-expr","locations":[{"start":{"line":9,"column":21},"end":{"line":9,"column":47}},{"start":{"line":9,"column":50},"end":{"line":9,"column":75}}],"line":9}},"s":{"0":3,"1":14,"2":14,"3":14,"4":70,"5":15},"f":{"0":14,"1":70,"2":15},"b":{"0":[1,14]},"_coverageSchema":"1a1c01bbd47fc00a2c39e90264f33305004495a9","hash":"b9c4d23c4d195ca772a8b6c730996b36302a9de3"}
}
