TN:
SF:src/components/App.constants.ts
FNF:0
FNH:0
LF:0
LH:0
BRF:0
BRH:0
end_of_record
TN:
SF:src/components/common/index.ts
FNF:0
FNH:0
LF:0
LH:0
BRF:0
BRH:0
end_of_record
TN:
SF:src/components/common/button/Button.tsx
FN:12,(anonymous_0)
FNF:1
FNH:1
FNDA:16,(anonymous_0)
DA:12,4
DA:18,16
DA:19,16
LF:3
LH:3
BRDA:13,0,0,12
BRDA:16,1,0,0
BRF:2
BRH:1
end_of_record
TN:
SF:src/components/common/button/buttonTypes.tsx
FNF:0
FNH:0
LF:0
LH:0
BRF:0
BRH:0
end_of_record
TN:
SF:src/components/common/button/index.ts
FNF:0
FNH:0
LF:0
LH:0
BRF:0
BRH:0
end_of_record
TN:
SF:src/components/common/context-menu/ContextMenu.tsx
FN:15,(anonymous_0)
FN:24,(anonymous_1)
FN:26,(anonymous_2)
FNF:3
FNH:3
FNDA:3,(anonymous_0)
FNDA:2,(anonymous_1)
FNDA:1,(anonymous_2)
DA:15,1
DA:16,3
DA:25,2
DA:26,1
LF:4
LH:4
BRDA:17,0,0,3
BRDA:17,0,1,2
BRF:2
BRH:2
end_of_record
TN:
SF:src/components/common/input/Input.tsx
FN:9,(anonymous_0)
FNF:1
FNH:1
FNDA:12,(anonymous_0)
DA:9,2
DA:10,12
DA:12,12
LF:3
LH:3
BRDA:18,0,0,10
BRDA:18,0,1,2
BRF:2
BRH:2
end_of_record
TN:
SF:src/components/common/input/index.ts
FNF:0
FNH:0
LF:0
LH:0
BRF:0
BRH:0
end_of_record
TN:
SF:src/components/common/logo/Logo.tsx
FN:4,(anonymous_0)
FNF:1
FNH:0
FNDA:0,(anonymous_0)
DA:4,1
DA:5,0
LF:2
LH:1
BRF:0
BRH:0
end_of_record
TN:
SF:src/components/common/logo/index.ts
FNF:0
FNH:0
LF:0
LH:0
BRF:0
BRH:0
end_of_record
TN:
SF:src/components/common/modal/Modal.tsx
FN:30,(anonymous_0)
FN:35,(anonymous_1)
FN:43,(anonymous_2)
FN:55,(anonymous_3)
FNF:4
FNH:3
FNDA:3,(anonymous_0)
FNDA:0,(anonymous_1)
FNDA:3,(anonymous_2)
FNDA:2,(anonymous_3)
DA:30,2
DA:31,3
DA:32,3
DA:33,3
DA:35,3
DA:39,0
DA:40,0
DA:43,3
DA:44,3
DA:47,3
DA:56,2
LF:11
LH:9
BRDA:30,0,0,3
BRDA:44,1,0,3
BRDA:44,1,1,2
BRDA:48,2,0,3
BRDA:48,2,1,2
BRF:5
BRH:5
end_of_record
TN:
SF:src/components/common/modal/Modal.utils.ts
FN:6,(anonymous_0)
FN:25,(anonymous_1)
FN:41,(anonymous_2)
FN:42,(anonymous_3)
FN:43,(anonymous_4)
FNF:5
FNH:5
FNDA:3,(anonymous_0)
FNDA:3,(anonymous_1)
FNDA:3,(anonymous_2)
FNDA:15,(anonymous_3)
FNDA:12,(anonymous_4)
DA:6,2
DA:7,3
DA:25,2
DA:26,3
DA:36,3
DA:38,3
DA:41,2
DA:42,15
DA:43,12
LF:9
LH:9
BRDA:25,0,0,0
BRDA:27,1,0,3
BRDA:27,1,1,3
BRDA:28,2,0,3
BRDA:28,2,1,3
BRDA:29,3,0,3
BRDA:29,3,1,3
BRDA:30,4,0,3
BRDA:30,4,1,3
BRDA:31,5,0,3
BRDA:31,5,1,3
BRDA:32,6,0,3
BRDA:32,6,1,3
BRDA:33,7,0,3
BRDA:33,7,1,3
BRDA:36,8,0,3
BRDA:36,8,1,0
BRF:17
BRH:15
end_of_record
TN:
SF:src/components/common/modal/index.ts
FNF:0
FNH:0
LF:0
LH:0
BRF:0
BRH:0
end_of_record
TN:
SF:src/components/common/page-not-found/PageNotFound.tsx
FN:5,(anonymous_0)
FNF:1
FNH:1
FNDA:1,(anonymous_0)
DA:5,1
DA:6,1
LF:2
LH:2
BRF:0
BRH:0
end_of_record
TN:
SF:src/components/common/page-not-found/index.ts
FNF:0
FNH:0
LF:0
LH:0
BRF:0
BRH:0
end_of_record
TN:
SF:src/components/common/search/Search.tsx
FN:14,(anonymous_0)
FN:21,(anonymous_1)
FN:31,(anonymous_2)
FNF:3
FNH:3
FNDA:8,(anonymous_0)
FNDA:1,(anonymous_1)
FNDA:1,(anonymous_2)
DA:14,2
DA:19,8
DA:20,8
DA:21,8
DA:22,1
DA:25,8
DA:31,1
LF:7
LH:7
BRDA:17,0,0,0
BRF:1
BRH:0
end_of_record
TN:
SF:src/components/common/search/index.ts
FNF:0
FNH:0
LF:0
LH:0
BRF:0
BRH:0
end_of_record
TN:
SF:src/components/common/select/Select.tsx
FN:18,(anonymous_0)
FN:29,(anonymous_1)
FNF:2
FNH:2
FNDA:2,(anonymous_0)
FNDA:8,(anonymous_1)
DA:18,2
DA:19,2
DA:21,2
DA:30,8
LF:4
LH:4
BRDA:18,0,0,0
BRDA:18,1,0,0
BRF:2
BRH:0
end_of_record
TN:
SF:src/components/common/select/index.ts
FNF:0
FNH:0
LF:0
LH:0
BRF:0
BRH:0
end_of_record
TN:
SF:src/components/common/sorting/Sorting.constants.ts
FNF:0
FNH:0
DA:7,2
LF:1
LH:1
BRF:0
BRH:0
end_of_record
TN:
SF:src/components/common/sorting/Sorting.tsx
FN:12,(anonymous_0)
FN:18,(anonymous_1)
FN:29,(anonymous_2)
FN:30,(anonymous_3)
FN:36,(anonymous_4)
FN:36,(anonymous_5)
FN:38,(anonymous_6)
FN:45,(anonymous_7)
FN:49,(anonymous_8)
FN:67,(anonymous_9)
FN:71,(anonymous_10)
FNF:11
FNH:5
FNDA:6,(anonymous_0)
FNDA:5,(anonymous_1)
FNDA:0,(anonymous_2)
FNDA:0,(anonymous_3)
FNDA:0,(anonymous_4)
FNDA:0,(anonymous_5)
FNDA:1,(anonymous_6)
FNDA:5,(anonymous_7)
FNDA:0,(anonymous_8)
FNDA:15,(anonymous_9)
FNDA:0,(anonymous_10)
DA:12,2
DA:16,6
DA:17,6
DA:18,5
DA:20,6
DA:21,6
DA:22,6
DA:23,6
DA:25,6
DA:29,6
DA:30,0
DA:31,0
DA:32,0
DA:33,0
DA:36,6
DA:38,6
DA:40,1
DA:41,1
DA:42,1
DA:45,6
DA:46,5
DA:47,5
DA:49,0
DA:51,0
DA:54,0
DA:55,0
DA:58,6
DA:68,15
DA:71,0
LF:29
LH:20
BRDA:13,0,0,0
BRDA:23,1,0,0
BRDA:23,1,1,6
BRDA:26,2,0,5
BRDA:26,2,1,1
BRDA:40,3,0,1
BRDA:40,3,1,0
BRDA:46,4,0,5
BRDA:46,4,1,0
BRDA:51,5,0,0
BRDA:51,5,1,0
BRDA:59,6,0,6
BRDA:59,6,1,5
BRF:13
BRH:7
end_of_record
TN:
SF:src/components/common/sorting/index.ts
FNF:0
FNH:0
LF:0
LH:0
BRF:0
BRH:0
end_of_record
TN:
SF:src/components/main/navbar/genres/GenresConstants.ts
FNF:0
FNH:0
DA:8,2
LF:1
LH:1
BRF:0
BRH:0
end_of_record
TN:
SF:src/hooks/index.ts
FNF:0
FNH:0
LF:0
LH:0
BRF:0
BRH:0
end_of_record
TN:
SF:src/hooks/useFetch.ts
FN:10,(anonymous_0)
FN:17,(anonymous_1)
FN:18,(anonymous_2)
FN:22,(anonymous_3)
FN:25,(anonymous_4)
FN:28,(anonymous_5)
FN:34,(anonymous_6)
FN:36,(anonymous_7)
FNF:8
FNH:5
FNDA:8,(anonymous_0)
FNDA:4,(anonymous_1)
FNDA:4,(anonymous_2)
FNDA:0,(anonymous_3)
FNDA:0,(anonymous_4)
FNDA:0,(anonymous_5)
FNDA:1,(anonymous_6)
FNDA:1,(anonymous_7)
DA:8,4
DA:10,4
DA:11,8
DA:12,8
DA:13,8
DA:14,8
DA:15,8
DA:17,8
DA:18,4
DA:20,4
DA:23,0
DA:26,0
DA:29,0
DA:30,0
DA:34,8
DA:35,1
DA:36,1
DA:37,1
DA:40,8
LF:19
LH:15
BRDA:20,0,0,4
BRDA:20,0,1,1
BRDA:34,1,0,1
BRDA:34,2,0,1
BRDA:35,3,0,1
BRDA:35,3,1,0
BRF:6
BRH:5
end_of_record
TN:
SF:src/hooks/useMovieApi.ts
FN:35,(anonymous_0)
FN:40,(anonymous_1)
FN:46,(anonymous_2)
FN:51,(anonymous_3)
FN:56,(anonymous_4)
FN:61,(anonymous_5)
FN:66,(anonymous_6)
FNF:7
FNH:0
FNDA:0,(anonymous_0)
FNDA:0,(anonymous_1)
FNDA:0,(anonymous_2)
FNDA:0,(anonymous_3)
FNDA:0,(anonymous_4)
FNDA:0,(anonymous_5)
FNDA:0,(anonymous_6)
DA:27,3
DA:35,3
DA:36,0
DA:37,0
DA:38,0
DA:40,0
DA:41,0
DA:46,0
DA:47,0
DA:48,0
DA:51,0
DA:52,0
DA:53,0
DA:56,0
DA:57,0
DA:58,0
DA:61,0
DA:62,0
DA:63,0
DA:66,0
DA:67,0
DA:68,0
DA:71,0
DA:79,0
LF:24
LH:2
BRDA:41,0,0,0
BRDA:41,0,1,0
BRDA:41,0,2,0
BRDA:48,1,0,0
BRDA:48,1,1,0
BRF:5
BRH:0
end_of_record
TN:
SF:src/hooks/useMovieQueryParams.ts
FN:18,(anonymous_0)
FN:35,(anonymous_1)
FN:37,(anonymous_2)
FN:51,(anonymous_3)
FN:54,(anonymous_4)
FNF:5
FNH:4
FNDA:14,(anonymous_0)
FNDA:1,(anonymous_1)
FNDA:1,(anonymous_2)
FNDA:6,(anonymous_3)
FNDA:0,(anonymous_4)
DA:18,3
DA:19,14
DA:21,14
DA:22,14
DA:23,14
DA:24,14
DA:26,14
DA:28,14
DA:35,14
DA:36,1
DA:37,1
DA:38,1
DA:39,0
DA:40,0
DA:43,1
DA:48,1
DA:51,14
DA:52,6
DA:54,14
DA:55,0
DA:56,0
DA:58,0
DA:59,0
DA:61,0
DA:64,14
DA:66,14
LF:26
LH:19
BRDA:26,0,0,0
BRDA:26,0,1,14
BRDA:38,1,0,0
BRDA:38,1,1,1
BRDA:39,2,0,0
BRDA:39,2,1,0
BRDA:43,3,0,0
BRDA:43,3,1,1
BRDA:52,4,0,0
BRDA:52,4,1,6
BRDA:55,5,0,0
BRDA:55,5,1,0
BRF:12
BRH:4
end_of_record
TN:
SF:src/redux/action-creators/actionCreators.ts
FN:13,setMovies
FN:17,setActiveMovie
FN:21,addMovie
FN:25,filterMovie
FN:29,deleteMovie
FN:33,editMovie
FN:37,getMovieById
FNF:7
FNH:5
FNDA:1,setMovies
FNDA:1,setActiveMovie
FNDA:1,addMovie
FNDA:0,filterMovie
FNDA:1,deleteMovie
FNDA:1,editMovie
FNDA:0,getMovieById
DA:14,1
DA:18,1
DA:22,1
DA:26,0
DA:30,1
DA:34,1
DA:38,0
LF:7
LH:5
BRF:0
BRH:0
end_of_record
TN:
SF:src/redux/action-type/actionType.ts
FNF:0
FNH:0
LF:0
LH:0
BRF:0
BRH:0
end_of_record
TN:
SF:src/redux/reducers/moviesReducer.ts
FN:15,moviesReducer
FN:30,(anonymous_1)
FN:35,(anonymous_2)
FNF:3
FNH:3
FNDA:5,moviesReducer
FNDA:1,(anonymous_1)
FNDA:1,(anonymous_2)
DA:10,1
DA:19,5
DA:23,3
DA:28,1
DA:30,1
DA:33,1
DA:36,1
DA:40,0
LF:8
LH:7
BRDA:16,0,0,0
BRDA:19,1,0,1
BRDA:19,1,1,2
BRDA:19,1,2,3
BRDA:19,1,3,1
BRDA:19,1,4,1
BRDA:19,1,5,0
BRDA:36,2,0,1
BRDA:36,2,1,0
BRF:9
BRH:6
end_of_record
TN:
SF:src/utils/index.ts
FNF:0
FNH:0
LF:0
LH:0
BRF:0
BRH:0
end_of_record
TN:
SF:src/utils/url.utils.ts
FN:1,(anonymous_0)
FN:5,(anonymous_1)
FN:6,(anonymous_2)
FNF:3
FNH:3
FNDA:14,(anonymous_0)
FNDA:70,(anonymous_1)
FNDA:15,(anonymous_2)
DA:1,3
DA:2,14
DA:3,14
DA:4,14
DA:5,70
DA:7,15
LF:6
LH:6
BRDA:9,0,0,1
BRDA:9,0,1,14
BRF:2
BRH:2
end_of_record
